<?xml version="1.0" encoding="UTF-8"?>
<testng-results ignored="0" total="2" passed="2" failed="0" skipped="0">
  <reporter-output>
    <line>
      <![CDATA[hello selenium]]>
    </line>
    <line>
      <![CDATA[hellojava]]>
    </line>
  </reporter-output>
  <suite started-at="2022-12-15T10:25:28 EST" name="Suite" finished-at="2022-12-15T10:25:28 EST" duration-ms="49">
    <groups>
    </groups>
    <test started-at="2022-12-15T10:25:28 EST" name="Test" finished-at="2022-12-15T10:25:28 EST" duration-ms="49">
      <class name="scripts.Testcase2">
        <test-method signature="tc2()[pri:0, instance:scripts.Testcase2@5dd6264]" started-at="2022-12-15T10:25:28 EST" name="tc2" finished-at="2022-12-15T10:25:28 EST" duration-ms="11" status="PASS">
          <reporter-output>
            <line>
              <![CDATA[hello selenium]]>
            </line>
          </reporter-output>
        </test-method> <!-- tc2 -->
      </class> <!-- scripts.Testcase2 -->
      <class name="scripts.Testcase1">
        <test-method signature="tc1()[pri:0, instance:scripts.Testcase1@6d2a209c]" started-at="2022-12-15T10:25:28 EST" name="tc1" finished-at="2022-12-15T10:25:28 EST" duration-ms="2" status="PASS">
          <reporter-output>
            <line>
              <![CDATA[hellojava]]>
            </line>
          </reporter-output>
        </test-method> <!-- tc1 -->
      </class> <!-- scripts.Testcase1 -->
    </test> <!-- Test -->
  </suite> <!-- Suite -->
</testng-results>
